#
# A fatal error has been detected by the Java Runtime Environment:
#
#  EXCEPTION_ACCESS_VIOLATION (0xc0000005) at pc=0x00007ff9c4bac5c8, pid=23388, tid=2204
#
# JRE version: OpenJDK Runtime Environment Temurin-17.0.13+11 (17.0.13+11) (build 17.0.13+11)
# Java VM: OpenJDK 64-Bit Server VM Temurin-17.0.13+11 (17.0.13+11, mixed mode, tiered, compressed oops, compressed class ptrs, parallel gc, windows-amd64)
# Problematic frame:
# V  [jvm.dll+0xc5c8]
#
# No core dump will be written. Minidumps are not enabled by default on client versions of Windows
#
# If you would like to submit a bug report, please visit:
#   https://github.com/adoptium/adoptium-support/issues
#

---------------  S U M M A R Y ------------

Command Line: --add-modules=ALL-SYSTEM --add-opens=java.base/java.util=ALL-UNNAMED --add-opens=java.base/java.lang=ALL-UNNAMED --add-opens=java.base/sun.nio.fs=ALL-UNNAMED -Declipse.application=org.eclipse.jdt.ls.core.id1 -Dosgi.bundles.defaultStartLevel=4 -Declipse.product=org.eclipse.jdt.ls.core.product -Djava.import.generatesMetadataFilesAtProjectRoot=false -DDetectVMInstallationsJob.disabled=true -Dfile.encoding=utf8 -XX:+UseParallelGC -XX:GCTimeRatio=4 -XX:AdaptiveSizePolicyWeight=90 -Dsun.zip.disableMemoryMapping=true -Xmx1G -Xms100m -Xlog:disable -javaagent:c:\Users\dperez.EBSA0\.vscode\extensions\redhat.java-1.36.0-win32-x64\lombok\lombok-1.18.35.jar -XX:+HeapDumpOnOutOfMemoryError -XX:HeapDumpPath=c:\Users\dperez.EBSA0\AppData\Roaming\Code\User\workspaceStorage\85fea7f60e6c7c16e368b3e8e98672d4\redhat.java -Daether.dependencyCollector.impl=bf c:\Users\dperez.EBSA0\.vscode\extensions\redhat.java-1.36.0-win32-x64\server\plugins\org.eclipse.equinox.launcher_1.6.900.v20240613-2009.jar -configuration c:\Users\dperez.EBSA0\AppData\Roaming\Code\User\globalStorage\redhat.java\1.36.0\config_win -data c:\Users\dperez.EBSA0\AppData\Roaming\Code\User\workspaceStorage\85fea7f60e6c7c16e368b3e8e98672d4\redhat.java\jdt_ws --pipe=\\.\pipe\lsp-6554f3366697272262496f652bd75fb1-sock

Host: Intel(R) Core(TM) i7-10510U CPU @ 1.80GHz, 8 cores, 15G,  Windows 10 , 64 bit Build 19041 (10.0.19041.4957)
Time: Thu Nov  7 11:55:11 2024 Hora est. Pacífico, Sudamérica elapsed time: 17.061373 seconds (0d 0h 0m 17s)

---------------  T H R E A D  ---------------

Current thread (0x00000259df645cc0):  GCTaskThread "GC Thread#0" [stack: 0x000000d7da500000,0x000000d7da600000] [id=2204]

Stack: [0x000000d7da500000,0x000000d7da600000],  sp=0x000000d7da5ff6d8,  free space=1021k
Native frames: (J=compiled Java code, j=interpreted, Vv=VM code, C=native code)
V  [jvm.dll+0xc5c8]


siginfo: EXCEPTION_ACCESS_VIOLATION (0xc0000005), reading address 0x0000000000000008


Registers:
RAX=0x0000000000000001, RBX=0x00000000c6a7e8d8, RCX=0x0000000000000003, RDX=0x00000000c6a7e8d8
RSP=0x000000d7da5ff6d8, RBP=0x00000000c6a7e894, RSI=0x00000259f33b7550, RDI=0x00000000c6a7e8d8
R8 =0x0000000000000000, R9 =0x00000000000353f4, R10=0x00000000c6a7e8d0, R11=0x00000000000000d4
R12=0x00007ff9c56d5840, R13=0x0000000000000000, R14=0x00007ff9c5556448, R15=0x00007ff9c54c0b90
RIP=0x00007ff9c4bac5c8, EFLAGS=0x0000000000010246


Register to memory mapping:

RIP=0x00007ff9c4bac5c8 jvm.dll
RAX=0x0000000000000001 is an unknown value
RBX=0x00000000c6a7e8d8 is pointing into object: java.lang.String 
{0x00000000c6a7e8d0} - klass: 'java/lang/String'
 - string: "addEdge(Inter, Inter, Relation)"
RCX=0x0000000000000003 is an unknown value
RDX=0x00000000c6a7e8d8 is pointing into object: java.lang.String 
{0x00000000c6a7e8d0} - klass: 'java/lang/String'
 - string: "addEdge(Inter, Inter, Relation)"
RSP=0x000000d7da5ff6d8 points into unknown readable memory: 0x00007ff9c5256f52 | 52 6f 25 c5 f9 7f 00 00
RBP=0x00000000c6a7e894 is pointing into object: [Ljava.lang.String; 
{0x00000000c6a7e878} - klass: 'java/lang/String'[]
 - length: 3
RSI=0x00000259f33b7550 points into unknown readable memory: 0x00000259df6e7dd0 | d0 7d 6e df 59 02 00 00
RDI=0x00000000c6a7e8d8 is pointing into object: java.lang.String 
{0x00000000c6a7e8d0} - klass: 'java/lang/String'
 - string: "addEdge(Inter, Inter, Relation)"
R8 =0x0 is NULL
R9 =0x00000000000353f4 is an unknown value
R10=0x00000000c6a7e8d0 is an oop: java.lang.String 
{0x00000000c6a7e8d0} - klass: 'java/lang/String'
 - string: "addEdge(Inter, Inter, Relation)"
R11=0x00000000000000d4 is an unknown value
R12=0x00007ff9c56d5840 jvm.dll
R13=0x0 is NULL
R14=0x00007ff9c5556448 jvm.dll
R15=0x00007ff9c54c0b90 jvm.dll


Top of Stack: (sp=0x000000d7da5ff6d8)
0x000000d7da5ff6d8:   00007ff9c5256f52 00000000c6a7e8d0
0x000000d7da5ff6e8:   0000000000000003 00000001004cf240
0x000000d7da5ff6f8:   00007ff9c5254f7e 00000000c6a7e8d8
0x000000d7da5ff708:   00007ff9c5256485 00000000c6a7e890
0x000000d7da5ff718:   00007ff9c56d5840 00007ff9c54c0b90
0x000000d7da5ff728:   00007ff9c5556448 0000000000004a58
0x000000d7da5ff738:   00007ff9c5256763 00000259f33b7550
0x000000d7da5ff748:   000000000000000c 0000000000000010
0x000000d7da5ff758:   0000000000000010 0000000000000000
0x000000d7da5ff768:   0000000000000000 0000000000000000
0x000000d7da5ff778:   000000d7da5ff800 00000259f992d340
0x000000d7da5ff788:   00007ff9c5380001 00007ff9c54c0b90
0x000000d7da5ff798:   00000259df648cf0 00007d2400000003
0x000000d7da5ff7a8:   00000259f33b7550 0000000000000000
0x000000d7da5ff7b8:   0000000000000000 00000259f992d340
0x000000d7da5ff7c8:   00000259df63f278 000000d7da5ff900
0x000000d7da5ff7d8:   00000000000003d8 00000259df6142a0
0x000000d7da5ff7e8:   00000259df63eea0 00000259df63ee90
0x000000d7da5ff7f8:   00007ff9c525aca8 00000259f33b7550
0x000000d7da5ff808:   00000259df63ee90 00000259df63eea0
0x000000d7da5ff818:   00000259f33b7550 00007ff9c5556c38
0x000000d7da5ff828:   00000259f33b7550 00007ff9c54f9af0
0x000000d7da5ff838:   000000d7da5ff820 000000d7da5ff800
0x000000d7da5ff848:   00007ff9c53ed5ac 0000000000000000
0x000000d7da5ff858:   000000d7da6fec60 00007ff9c5556c38
0x000000d7da5ff868:   000000d7da6feb20 00000000000000d0
0x000000d7da5ff878:   00007ff9c538d2b2 00000259ff93c368
0x000000d7da5ff888:   00000259ff93c500 000000d7da5ff900
0x000000d7da5ff898:   00000259f33b7550 0000000000000000
0x000000d7da5ff8a8:   00007ff9c525ea1d 0000000000000000
0x000000d7da5ff8b8:   000000d7da5ff930 00000259f33b7550
0x000000d7da5ff8c8:   0000000000000000 000000d7da6ff1f0 

Instructions: (pc=0x00007ff9c4bac5c8)
0x00007ff9c4bac4c8:   cc cc cc cc cc cc cc cc 48 8b 01 c3 cc cc cc cc
0x00007ff9c4bac4d8:   cc cc cc cc cc cc cc cc 4c 8b 01 4c 8b c9 48 8b
0x00007ff9c4bac4e8:   0d e3 f6 b6 00 ba 44 60 08 00 e9 a9 f1 ff ff cc
0x00007ff9c4bac4f8:   cc cc cc cc cc cc cc cc 48 89 5c 24 08 57 48 83
0x00007ff9c4bac508:   ec 20 48 8b 39 48 8b d9 48 85 3d 71 e4 bb 00 75
0x00007ff9c4bac518:   0e 48 8b c7 48 8b 5c 24 30 48 83 c4 20 5f c3 48
0x00007ff9c4bac528:   8b cf e8 91 ea 85 00 48 8b d0 48 85 c0 74 20 48
0x00007ff9c4bac538:   8b c7 f0 48 0f b1 13 74 16 48 85 05 40 e4 bb 00
0x00007ff9c4bac548:   74 0d 48 8b c8 f0 48 0f b1 13 48 3b c1 75 ea 48
0x00007ff9c4bac558:   8b 5c 24 30 48 8b c2 48 83 c4 20 5f c3 cc cc cc
0x00007ff9c4bac568:   cc cc cc cc cc cc cc cc 4c 8b 01 4c 8b c9 48 8b
0x00007ff9c4bac578:   0d 53 f6 b6 00 ba 64 60 08 00 e9 19 f1 ff ff cc
0x00007ff9c4bac588:   cc cc cc cc cc cc cc cc 8b 05 72 3d b1 00 c3 cc
0x00007ff9c4bac598:   cc cc cc cc cc cc cc cc 0f b6 05 f1 fe b7 00 48
0x00007ff9c4bac5a8:   8b d1 84 c0 74 16 44 8b 41 08 8b 0d 50 3d b1 00
0x00007ff9c4bac5b8:   49 d3 e0 4c 03 05 3e 3d b1 00 eb 04 4c 8b 41 08
0x00007ff9c4bac5c8:   45 8b 48 08 45 85 c9 7e 0e 41 f6 c1 01 75 53 41
0x00007ff9c4bac5d8:   c1 f9 03 41 8b c1 c3 79 49 84 c0 41 b8 0c 00 00
0x00007ff9c4bac5e8:   00 8b 05 55 4c b1 00 b9 10 00 00 00 41 0f 45 c8
0x00007ff9c4bac5f8:   ff c8 48 98 48 63 14 11 41 8b c9 83 e1 3f 48 d3
0x00007ff9c4bac608:   e2 41 8b c9 48 c1 f9 10 44 0f b6 c1 48 8d 0c 10
0x00007ff9c4bac618:   48 f7 d0 4c 03 c1 48 c1 e8 03 49 c1 e8 03 41 23
0x00007ff9c4bac628:   c0 c3 49 8b 00 49 8b c8 48 ff a0 00 01 00 00 cc
0x00007ff9c4bac638:   cc cc cc cc cc cc cc cc 8b 44 24 30 45 03 c9 44
0x00007ff9c4bac648:   2b 4c 24 28 83 c0 0b 44 03 ca 45 03 c8 41 03 c1
0x00007ff9c4bac658:   c3 cc cc cc cc cc cc cc 4c 8b ca 48 8b d1 45 8b
0x00007ff9c4bac668:   41 08 45 85 c0 7e 0e 41 f6 c0 01 75 56 41 c1 f8
0x00007ff9c4bac678:   03 41 8b c0 c3 79 4c 80 3d 12 fe b7 00 00 b8 0c
0x00007ff9c4bac688:   00 00 00 b9 10 00 00 00 0f 45 c8 8b 05 ab 4b b1
0x00007ff9c4bac698:   00 ff c8 48 98 48 63 14 11 41 8b c8 83 e1 3f 48
0x00007ff9c4bac6a8:   d3 e2 41 8b c8 48 c1 f9 10 44 0f b6 c1 48 8d 0c
0x00007ff9c4bac6b8:   10 48 f7 d0 4c 03 c1 48 c1 e8 03 49 c1 e8 03 41 


Stack slot to memory mapping:
stack at sp + 0 slots: 0x00007ff9c5256f52 jvm.dll
stack at sp + 1 slots: 0x00000000c6a7e8d0 is an oop: java.lang.String 
{0x00000000c6a7e8d0} - klass: 'java/lang/String'
 - string: "addEdge(Inter, Inter, Relation)"
stack at sp + 2 slots: 0x0000000000000003 is an unknown value
stack at sp + 3 slots: 0x00000001004cf240 is pointing into metadata
stack at sp + 4 slots: 0x00007ff9c5254f7e jvm.dll
stack at sp + 5 slots: 0x00000000c6a7e8d8 is pointing into object: java.lang.String 
{0x00000000c6a7e8d0} - klass: 'java/lang/String'
 - string: "addEdge(Inter, Inter, Relation)"
stack at sp + 6 slots: 0x00007ff9c5256485 jvm.dll
stack at sp + 7 slots: 0x00000000c6a7e890 is pointing into object: [Ljava.lang.String; 
{0x00000000c6a7e878} - klass: 'java/lang/String'[]
 - length: 3


---------------  P R O C E S S  ---------------

Threads class SMR info:
_java_thread_list=0x0000025989149710, length=70, elements={
0x00000259df630920, 0x00000259f34c0410, 0x00000259f34c1920, 0x00000259f87b86f0,
0x00000259f34ce9e0, 0x00000259f87d9f00, 0x00000259f87c1740, 0x00000259f87c5bf0,
0x00000259f87c7440, 0x00000259f87c8530, 0x00000259df693e70, 0x00000259f976dcc0,
0x00000259f992d850, 0x00000259f992ce30, 0x00000259f992b9f0, 0x00000259f992afd0,
0x00000259f992b4e0, 0x00000259f992bf00, 0x00000259f992e270, 0x00000259f992d340,
0x00000259f992aac0, 0x00000259fa756e00, 0x00000259fa757310, 0x00000259fa7554b0,
0x00000259fa7559c0, 0x00000259fa755ed0, 0x00000259fa7563e0, 0x00000259fa7568f0,
0x00000259fa757820, 0x00000259fa754070, 0x00000259fa759170, 0x00000259fa759680,
0x00000259fa754a90, 0x00000259fa757d30, 0x00000259fa758c60, 0x00000259fa758240,
0x00000259fa754fa0, 0x00000259fa759b90, 0x00000259fa758750, 0x00000259f890e4a0,
0x00000259fd32b2b0, 0x00000259fa75aac0, 0x00000259fa75a0a0, 0x00000259fa75a5b0,
0x00000259fa75afd0, 0x00000259fa75b9f0, 0x00000259fa754580, 0x00000259f992c410,
0x00000259f992c920, 0x00000259feb182e0, 0x00000259feb13c00, 0x00000259feb178c0,
0x00000259feb17dd0, 0x00000259feb1a140, 0x00000259feb1b580, 0x00000259feb19210,
0x00000259feb19c30, 0x00000259feb187f0, 0x00000259feb18d00, 0x00000259feb16480,
0x00000259feb173b0, 0x00000259feb1ab60, 0x00000259feb1a650, 0x00000259feb16ea0,
0x00000259feb1b070, 0x00000259feb14110, 0x00000259feb15040, 0x00000259feb15550,
0x00000259feb15a60, 0x00000259feb15f70
}

Java Threads: ( => current thread )
  0x00000259df630920 JavaThread "main" [_thread_blocked, id=11356, stack(0x000000d7da400000,0x000000d7da500000)]
  0x00000259f34c0410 JavaThread "Reference Handler" daemon [_thread_blocked, id=4612, stack(0x000000d7da700000,0x000000d7da800000)]
  0x00000259f34c1920 JavaThread "Finalizer" daemon [_thread_blocked, id=19964, stack(0x000000d7da800000,0x000000d7da900000)]
  0x00000259f87b86f0 JavaThread "Signal Dispatcher" daemon [_thread_blocked, id=17628, stack(0x000000d7da900000,0x000000d7daa00000)]
  0x00000259f34ce9e0 JavaThread "Attach Listener" daemon [_thread_blocked, id=14164, stack(0x000000d7daa00000,0x000000d7dab00000)]
  0x00000259f87d9f00 JavaThread "Service Thread" daemon [_thread_blocked, id=20700, stack(0x000000d7dab00000,0x000000d7dac00000)]
  0x00000259f87c1740 JavaThread "Monitor Deflation Thread" daemon [_thread_blocked, id=3956, stack(0x000000d7dac00000,0x000000d7dad00000)]
  0x00000259f87c5bf0 JavaThread "C2 CompilerThread0" daemon [_thread_blocked, id=23504, stack(0x000000d7dad00000,0x000000d7dae00000)]
  0x00000259f87c7440 JavaThread "C1 CompilerThread0" daemon [_thread_blocked, id=8580, stack(0x000000d7dae00000,0x000000d7daf00000)]
  0x00000259f87c8530 JavaThread "Sweeper thread" daemon [_thread_blocked, id=9820, stack(0x000000d7daf00000,0x000000d7db000000)]
  0x00000259df693e70 JavaThread "Common-Cleaner" daemon [_thread_blocked, id=672, stack(0x000000d7db000000,0x000000d7db100000)]
  0x00000259f976dcc0 JavaThread "Notification Thread" daemon [_thread_blocked, id=11176, stack(0x000000d7db200000,0x000000d7db300000)]
  0x00000259f992d850 JavaThread "Active Thread: Equinox Container: 26e23435-d60c-4ad6-8c5c-eadd11e48b26" [_thread_blocked, id=18988, stack(0x000000d7dbb00000,0x000000d7dbc00000)]
  0x00000259f992ce30 JavaThread "Refresh Thread: Equinox Container: 26e23435-d60c-4ad6-8c5c-eadd11e48b26" daemon [_thread_blocked, id=17768, stack(0x000000d7dbc00000,0x000000d7dbd00000)]
  0x00000259f992b9f0 JavaThread "Framework Event Dispatcher: Equinox Container: 26e23435-d60c-4ad6-8c5c-eadd11e48b26" daemon [_thread_blocked, id=5220, stack(0x000000d7dbd00000,0x000000d7dbe00000)]
  0x00000259f992afd0 JavaThread "Start Level: Equinox Container: 26e23435-d60c-4ad6-8c5c-eadd11e48b26" daemon [_thread_blocked, id=2520, stack(0x000000d7dbe00000,0x000000d7dbf00000)]
  0x00000259f992b4e0 JavaThread "Bundle File Closer" daemon [_thread_blocked, id=20772, stack(0x000000d7dc000000,0x000000d7dc100000)]
  0x00000259f992bf00 JavaThread "SCR Component Actor" daemon [_thread_blocked, id=1824, stack(0x000000d7dc100000,0x000000d7dc200000)]
  0x00000259f992e270 JavaThread "Worker-JM" [_thread_blocked, id=1324, stack(0x000000d7dba00000,0x000000d7dbb00000)]
  0x00000259f992d340 JavaThread "JNA Cleaner" daemon [_thread_blocked, id=2376, stack(0x000000d7dc300000,0x000000d7dc400000)]
  0x00000259f992aac0 JavaThread "Worker-0" [_thread_blocked, id=4932, stack(0x000000d7dc400000,0x000000d7dc500000)]
  0x00000259fa756e00 JavaThread "Worker-1" [_thread_blocked, id=22492, stack(0x000000d7dc500000,0x000000d7dc600000)]
  0x00000259fa757310 JavaThread "Java indexing" daemon [_thread_blocked, id=11908, stack(0x000000d7dc700000,0x000000d7dc800000)]
  0x00000259fa7554b0 JavaThread "Worker-2: Publish Diagnostics" [_thread_blocked, id=9116, stack(0x000000d7dca00000,0x000000d7dcb00000)]
  0x00000259fa7559c0 JavaThread "Worker-3: Java indexing... " [_thread_blocked, id=7176, stack(0x000000d7dcb00000,0x000000d7dcc00000)]
  0x00000259fa755ed0 JavaThread "Thread-2" daemon [_thread_in_native, id=12156, stack(0x000000d7dcc00000,0x000000d7dcd00000)]
  0x00000259fa7563e0 JavaThread "Thread-3" daemon [_thread_in_native, id=11408, stack(0x000000d7dcd00000,0x000000d7dce00000)]
  0x00000259fa7568f0 JavaThread "Thread-4" daemon [_thread_in_native, id=2960, stack(0x000000d7dce00000,0x000000d7dcf00000)]
  0x00000259fa757820 JavaThread "Thread-5" daemon [_thread_in_native, id=23524, stack(0x000000d7dcf00000,0x000000d7dd000000)]
  0x00000259fa754070 JavaThread "Thread-6" daemon [_thread_in_native, id=14532, stack(0x000000d7dd000000,0x000000d7dd100000)]
  0x00000259fa759170 JavaThread "Thread-7" daemon [_thread_in_native, id=9680, stack(0x000000d7dd100000,0x000000d7dd200000)]
  0x00000259fa759680 JavaThread "Thread-8" daemon [_thread_in_native, id=16408, stack(0x000000d7dd200000,0x000000d7dd300000)]
  0x00000259fa754a90 JavaThread "Thread-9" daemon [_thread_in_native, id=4416, stack(0x000000d7dd300000,0x000000d7dd400000)]
  0x00000259fa757d30 JavaThread "Thread-10" daemon [_thread_in_native, id=4048, stack(0x000000d7dd400000,0x000000d7dd500000)]
  0x00000259fa758c60 JavaThread "pool-2-thread-1" [_thread_blocked, id=7072, stack(0x000000d7dd500000,0x000000d7dd600000)]
  0x00000259fa758240 JavaThread "Worker-4: Initialize workspace" [_thread_blocked, id=21208, stack(0x000000d7dd600000,0x000000d7dd700000)]
  0x00000259fa754fa0 JavaThread "WorkspaceEventsHandler" [_thread_blocked, id=17624, stack(0x000000d7dd700000,0x000000d7dd800000)]
  0x00000259fa759b90 JavaThread "pool-1-thread-1" [_thread_blocked, id=16244, stack(0x000000d7dd800000,0x000000d7dd900000)]
  0x00000259fa758750 JavaThread "Worker-5" [_thread_blocked, id=18108, stack(0x000000d7dd900000,0x000000d7dda00000)]
  0x00000259f890e4a0 JavaThread "C2 CompilerThread1" daemon [_thread_blocked, id=10664, stack(0x000000d7db100000,0x000000d7db200000)]
  0x00000259fd32b2b0 JavaThread "C2 CompilerThread2" daemon [_thread_blocked, id=2392, stack(0x000000d7dc600000,0x000000d7dc700000)]
  0x00000259fa75aac0 JavaThread "LocalFile Deleter" daemon [_thread_blocked, id=23340, stack(0x000000d7dc200000,0x000000d7dc300000)]
  0x00000259fa75a0a0 JavaThread "LocalFile Deleter" daemon [_thread_blocked, id=22564, stack(0x000000d7dda00000,0x000000d7ddb00000)]
  0x00000259fa75a5b0 JavaThread "LocalFile Deleter" daemon [_thread_blocked, id=21736, stack(0x000000d7ddb00000,0x000000d7ddc00000)]
  0x00000259fa75afd0 JavaThread "LocalFile Deleter" daemon [_thread_blocked, id=7540, stack(0x000000d7ddc00000,0x000000d7ddd00000)]
  0x00000259fa75b9f0 JavaThread "LocalFile Deleter" daemon [_thread_blocked, id=12056, stack(0x000000d7ddd00000,0x000000d7dde00000)]
  0x00000259fa754580 JavaThread "LocalFile Deleter" daemon [_thread_blocked, id=4172, stack(0x000000d7dde00000,0x000000d7ddf00000)]
  0x00000259f992c410 JavaThread "LocalFile Deleter" daemon [_thread_blocked, id=20308, stack(0x000000d7ddf00000,0x000000d7de000000)]
  0x00000259f992c920 JavaThread "LocalFile Deleter" daemon [_thread_blocked, id=14696, stack(0x000000d7de000000,0x000000d7de100000)]
  0x00000259feb182e0 JavaThread "Compiler Source File Reader" daemon [_thread_blocked, id=22752, stack(0x000000d7de100000,0x000000d7de200000)]
  0x00000259feb13c00 JavaThread "Compiler Source File Reader" daemon [_thread_blocked, id=11224, stack(0x000000d7de200000,0x000000d7de300000)]
  0x00000259feb178c0 JavaThread "Compiler Source File Reader" daemon [_thread_blocked, id=11252, stack(0x000000d7de300000,0x000000d7de400000)]
  0x00000259feb17dd0 JavaThread "Compiler Source File Reader" daemon [_thread_blocked, id=13260, stack(0x000000d7de400000,0x000000d7de500000)]
  0x00000259feb1a140 JavaThread "Compiler Source File Reader" daemon [_thread_blocked, id=7032, stack(0x000000d7de500000,0x000000d7de600000)]
  0x00000259feb1b580 JavaThread "Compiler Source File Reader" daemon [_thread_blocked, id=17944, stack(0x000000d7de600000,0x000000d7de700000)]
  0x00000259feb19210 JavaThread "Compiler Processing Task" daemon [_thread_blocked, id=1840, stack(0x000000d7de700000,0x000000d7de800000)]
  0x00000259feb19c30 JavaThread "Compiler Class File Writer" daemon [_thread_blocked, id=21908, stack(0x000000d7de800000,0x000000d7de900000)]
  0x00000259feb187f0 JavaThread "Compiler Class File Writer" daemon [_thread_blocked, id=20560, stack(0x000000d7de900000,0x000000d7dea00000)]
  0x00000259feb18d00 JavaThread "Compiler Class File Writer" daemon [_thread_blocked, id=20068, stack(0x000000d7dea00000,0x000000d7deb00000)]
  0x00000259feb16480 JavaThread "Compiler Class File Writer" daemon [_thread_blocked, id=3792, stack(0x000000d7deb00000,0x000000d7dec00000)]
  0x00000259feb173b0 JavaThread "Compiler Class File Writer" daemon [_thread_blocked, id=23068, stack(0x000000d7dec00000,0x000000d7ded00000)]
  0x00000259feb1ab60 JavaThread "Compiler Class File Writer" daemon [_thread_blocked, id=22584, stack(0x000000d7ded00000,0x000000d7dee00000)]
  0x00000259feb1a650 JavaThread "ForkJoinPool.commonPool-worker-1" daemon [_thread_blocked, id=12004, stack(0x000000d7dee00000,0x000000d7def00000)]
  0x00000259feb16ea0 JavaThread "ForkJoinPool.commonPool-worker-2" daemon [_thread_blocked, id=20088, stack(0x000000d7def00000,0x000000d7df000000)]
  0x00000259feb1b070 JavaThread "ForkJoinPool.commonPool-worker-3" daemon [_thread_blocked, id=10668, stack(0x000000d7df000000,0x000000d7df100000)]
  0x00000259feb14110 JavaThread "ForkJoinPool.commonPool-worker-4" daemon [_thread_blocked, id=2684, stack(0x000000d7df100000,0x000000d7df200000)]
  0x00000259feb15040 JavaThread "ForkJoinPool.commonPool-worker-5" daemon [_thread_blocked, id=21904, stack(0x000000d7df200000,0x000000d7df300000)]
  0x00000259feb15550 JavaThread "ForkJoinPool.commonPool-worker-6" daemon [_thread_blocked, id=9492, stack(0x000000d7df300000,0x000000d7df400000)]
  0x00000259feb15a60 JavaThread "ForkJoinPool.commonPool-worker-7" daemon [_thread_blocked, id=4752, stack(0x000000d7df400000,0x000000d7df500000)]
  0x00000259feb15f70 JavaThread "SCR Component Registry" daemon [_thread_blocked, id=7952, stack(0x000000d7df500000,0x000000d7df600000)]

Other Threads:
  0x00000259f8790c20 VMThread "VM Thread" [stack: 0x000000d7da600000,0x000000d7da700000] [id=2176]
  0x00000259f981f7c0 WatcherThread [stack: 0x000000d7db300000,0x000000d7db400000] [id=13788]
=>0x00000259df645cc0 GCTaskThread "GC Thread#0" [stack: 0x000000d7da500000,0x000000d7da600000] [id=2204]
  0x00000259f9c46670 GCTaskThread "GC Thread#1" [stack: 0x000000d7db400000,0x000000d7db500000] [id=16920]
  0x00000259f9c47f30 GCTaskThread "GC Thread#2" [stack: 0x000000d7db500000,0x000000d7db600000] [id=23380]
  0x00000259f9c46930 GCTaskThread "GC Thread#3" [stack: 0x000000d7db600000,0x000000d7db700000] [id=16180]
  0x00000259f9c46eb0 GCTaskThread "GC Thread#4" [stack: 0x000000d7db700000,0x000000d7db800000] [id=9348]
  0x00000259f9c476f0 GCTaskThread "GC Thread#5" [stack: 0x000000d7db800000,0x000000d7db900000] [id=18188]
  0x00000259f9c479b0 GCTaskThread "GC Thread#6" [stack: 0x000000d7db900000,0x000000d7dba00000] [id=19780]
  0x00000259f9c47170 GCTaskThread "GC Thread#7" [stack: 0x000000d7dbf00000,0x000000d7dc000000] [id=18372]

Threads with active compile tasks:
C2 CompilerThread0    17103 11698   !   4       org.eclipse.jdt.internal.core.JarPackageFragmentRoot::computeChildren (605 bytes)
C2 CompilerThread1    17103 11755       4       org.eclipse.jdt.internal.compiler.parser.Scanner::getCurrentIdentifierSource (73 bytes)

VM state: at safepoint (normal execution)

VM Mutex/Monitor currently owned by a thread:  ([mutex/lock_event])
[0x00000259df62d3d0] Threads_lock - owner thread: 0x00000259f8790c20
[0x00000259df62db20] Heap_lock - owner thread: 0x00000259feb1b070

Heap address: 0x00000000c0000000, size: 1024 MB, Compressed Oops mode: 32-bit

CDS archive(s) not mapped
Compressed class space mapped at: 0x0000000100000000-0x0000000140000000, reserved size: 1073741824
Narrow klass base: 0x0000000000000000, Narrow klass shift: 3, Narrow klass range: 0x140000000

GC Precious Log:
 CPUs: 8 total, 8 available
 Memory: 16144M
 Large Page Support: Disabled
 NUMA Support: Disabled
 Compressed Oops: Enabled (32-bit)
 Alignments: Space 512K, Generation 512K, Heap 2M
 Heap Min Capacity: 100M
 Heap Initial Capacity: 100M
 Heap Max Capacity: 1G
 Pre-touch: Disabled
 Parallel Workers: 8

Heap:
 PSYoungGen      total 47104K, used 46991K [0x00000000eab00000, 0x00000000ee000000, 0x0000000100000000)
  eden space 43008K, 100% used [0x00000000eab00000,0x00000000ed500000,0x00000000ed500000)
  from space 4096K, 97% used [0x00000000edc00000,0x00000000edfe3cc0,0x00000000ee000000)
  to   space 5632K, 0% used [0x00000000ed500000,0x00000000ed500000,0x00000000eda80000)
 ParOldGen       total 159744K, used 158059K [0x00000000c0000000, 0x00000000c9c00000, 0x00000000eab00000)
  object space 159744K, 98% used [0x00000000c0000000,0x00000000c9a5ac28,0x00000000c9c00000)
 Metaspace       used 73170K, committed 74560K, reserved 1179648K
  class space    used 7629K, committed 8256K, reserved 1048576K

Card table byte_map: [0x00000259defd0000,0x00000259df1e0000] _byte_map_base: 0x00000259de9d0000

Marking Bits: (ParMarkBitMap*) 0x00007ff9c5746940
 Begin Bits: [0x00000259f12d0000, 0x00000259f22d0000)
 End Bits:   [0x00000259f22d0000, 0x00000259f32d0000)

Polling page: 0x00000259dd570000

Metaspace:

Usage:
  Non-class:     64.00 MB used.
      Class:      7.45 MB used.
       Both:     71.46 MB used.

Virtual space:
  Non-class space:      128.00 MB reserved,      64.75 MB ( 51%) committed,  2 nodes.
      Class space:        1.00 GB reserved,       8.06 MB ( <1%) committed,  1 nodes.
             Both:        1.12 GB reserved,      72.81 MB (  6%) committed. 

Chunk freelists:
   Non-Class:  15.16 MB
       Class:  7.77 MB
        Both:  22.92 MB

MaxMetaspaceSize: unlimited
CompressedClassSpaceSize: 1.00 GB
Initial GC threshold: 21.00 MB
Current GC threshold: 120.56 MB
CDS: off
MetaspaceReclaimPolicy: balanced
 - commit_granule_bytes: 65536.
 - commit_granule_words: 8192.
 - virtual_space_node_default_size: 8388608.
 - enlarge_chunks_in_place: 1.
 - new_chunks_are_fully_committed: 0.
 - uncommit_free_chunks: 1.
 - use_allocation_guard: 0.
 - handle_deallocations: 1.


Internal statistics:

num_allocs_failed_limit: 9.
num_arena_births: 974.
num_arena_deaths: 28.
num_vsnodes_births: 3.
num_vsnodes_deaths: 0.
num_space_committed: 1165.
num_space_uncommitted: 0.
num_chunks_returned_to_freelist: 44.
num_chunks_taken_from_freelist: 4156.
num_chunk_merges: 22.
num_chunk_splits: 2498.
num_chunks_enlarged: 1342.
num_inconsistent_stats: 0.

CodeHeap 'non-profiled nmethods': size=120000Kb used=6999Kb max_used=6999Kb free=113000Kb
 bounds [0x00000259e9da0000, 0x00000259ea480000, 0x00000259f12d0000]
CodeHeap 'profiled nmethods': size=120000Kb used=19896Kb max_used=20368Kb free=100104Kb
 bounds [0x00000259e22d0000, 0x00000259e36c0000, 0x00000259e9800000]
CodeHeap 'non-nmethods': size=5760Kb used=1380Kb max_used=1471Kb free=4379Kb
 bounds [0x00000259e9800000, 0x00000259e9a70000, 0x00000259e9da0000]
 total_blobs=10466 nmethods=9736 adapters=643
 compilation: enabled
              stopped_count=0, restarted_count=0
 full_count=0

Compilation events (20 events):
Event: 16.990 Thread 0x00000259f87c7440 nmethod 11748 0x00000259e3139590 code [0x00000259e3139740, 0x00000259e31399c8]
Event: 16.991 Thread 0x00000259f87c7440 11750       3       org.eclipse.jdt.internal.core.JarPackageFragmentRoot::initRawPackageInfo (292 bytes)
Event: 16.992 Thread 0x00000259fd32b2b0 11753       4       jdk.internal.misc.Unsafe::checkOffset (32 bytes)
Event: 16.993 Thread 0x00000259fd32b2b0 nmethod 11753 0x00000259ea474610 code [0x00000259ea474780, 0x00000259ea474818]
Event: 16.994 Thread 0x00000259f87c7440 nmethod 11750 0x00000259e34ea010 code [0x00000259e34ea580, 0x00000259e34ed4d8]
Event: 16.994 Thread 0x00000259f87c7440 11751       3       java.util.AbstractList::rangeCheckForAdd (26 bytes)
Event: 16.994 Thread 0x00000259f87c7440 nmethod 11751 0x00000259e2b4ac90 code [0x00000259e2b4aee0, 0x00000259e2b4b6c8]
Event: 16.994 Thread 0x00000259f87c7440 11752       3       java.util.AbstractList$ListItr::<init> (16 bytes)
Event: 16.995 Thread 0x00000259f87c7440 nmethod 11752 0x00000259e3139090 code [0x00000259e3139240, 0x00000259e3139458]
Event: 16.995 Thread 0x00000259fd32b2b0 11754       4       java.util.HashMap::remove (26 bytes)
Event: 17.000 Thread 0x00000259f890e4a0 11755       4       org.eclipse.jdt.internal.compiler.parser.Scanner::getCurrentIdentifierSource (73 bytes)
Event: 17.006 Thread 0x00000259fd32b2b0 nmethod 11754 0x00000259ea474910 code [0x00000259ea474ae0, 0x00000259ea4750a8]
Event: 17.006 Thread 0x00000259fd32b2b0 11756       4       sun.nio.fs.WindowsFileAttributes::lastModifiedTime (8 bytes)
Event: 17.008 Thread 0x00000259fd32b2b0 nmethod 11756 0x00000259ea475590 code [0x00000259ea475720, 0x00000259ea4758a8]
Event: 17.008 Thread 0x00000259fd32b2b0 11757   !   4       sun.nio.fs.WindowsFileAttributes::toFileTime (47 bytes)
Event: 17.010 Thread 0x00000259fd32b2b0 nmethod 11757 0x00000259ea475a90 code [0x00000259ea475c20, 0x00000259ea475d88]
Event: 17.014 Thread 0x00000259f87c7440 11758       3       java.util.jar.JarFile::<init> (8 bytes)
Event: 17.014 Thread 0x00000259f87c7440 nmethod 11758 0x00000259e3138d10 code [0x00000259e3138ea0, 0x00000259e3138fe8]
Event: 17.015 Thread 0x00000259f87c7440 11759       3       org.eclipse.m2e.jdt.internal.InternalModuleInfo::<init> (56 bytes)
Event: 17.015 Thread 0x00000259f87c7440 nmethod 11759 0x00000259e2b4a490 code [0x00000259e2b4a680, 0x00000259e2b4aab8]

GC Heap History (20 events):
Event: 16.420 GC heap after
{Heap after GC invocations=188 (full 9):
 PSYoungGen      total 40960K, used 4780K [0x00000000eab00000, 0x00000000eda80000, 0x0000000100000000)
  eden space 35840K, 0% used [0x00000000eab00000,0x00000000eab00000,0x00000000ece00000)
  from space 5120K, 93% used [0x00000000ece00000,0x00000000ed2ab000,0x00000000ed300000)
  to   space 5120K, 0% used [0x00000000ed580000,0x00000000ed580000,0x00000000eda80000)
 ParOldGen       total 159744K, used 141643K [0x00000000c0000000, 0x00000000c9c00000, 0x00000000eab00000)
  object space 159744K, 88% used [0x00000000c0000000,0x00000000c8a52e90,0x00000000c9c00000)
 Metaspace       used 72892K, committed 74304K, reserved 1179648K
  class space    used 7612K, committed 8256K, reserved 1048576K
}
Event: 16.490 GC heap before
{Heap before GC invocations=189 (full 9):
 PSYoungGen      total 40960K, used 40620K [0x00000000eab00000, 0x00000000eda80000, 0x0000000100000000)
  eden space 35840K, 100% used [0x00000000eab00000,0x00000000ece00000,0x00000000ece00000)
  from space 5120K, 93% used [0x00000000ece00000,0x00000000ed2ab000,0x00000000ed300000)
  to   space 5120K, 0% used [0x00000000ed580000,0x00000000ed580000,0x00000000eda80000)
 ParOldGen       total 159744K, used 141643K [0x00000000c0000000, 0x00000000c9c00000, 0x00000000eab00000)
  object space 159744K, 88% used [0x00000000c0000000,0x00000000c8a52e90,0x00000000c9c00000)
 Metaspace       used 72892K, committed 74304K, reserved 1179648K
  class space    used 7612K, committed 8256K, reserved 1048576K
}
Event: 16.495 GC heap after
{Heap after GC invocations=189 (full 9):
 PSYoungGen      total 40960K, used 5089K [0x00000000eab00000, 0x00000000edf80000, 0x0000000100000000)
  eden space 35840K, 0% used [0x00000000eab00000,0x00000000eab00000,0x00000000ece00000)
  from space 5120K, 99% used [0x00000000ed580000,0x00000000eda78740,0x00000000eda80000)
  to   space 7680K, 0% used [0x00000000ece00000,0x00000000ece00000,0x00000000ed580000)
 ParOldGen       total 159744K, used 143746K [0x00000000c0000000, 0x00000000c9c00000, 0x00000000eab00000)
  object space 159744K, 89% used [0x00000000c0000000,0x00000000c8c60848,0x00000000c9c00000)
 Metaspace       used 72892K, committed 74304K, reserved 1179648K
  class space    used 7612K, committed 8256K, reserved 1048576K
}
Event: 16.529 GC heap before
{Heap before GC invocations=190 (full 9):
 PSYoungGen      total 40960K, used 40929K [0x00000000eab00000, 0x00000000edf80000, 0x0000000100000000)
  eden space 35840K, 100% used [0x00000000eab00000,0x00000000ece00000,0x00000000ece00000)
  from space 5120K, 99% used [0x00000000ed580000,0x00000000eda78740,0x00000000eda80000)
  to   space 7680K, 0% used [0x00000000ece00000,0x00000000ece00000,0x00000000ed580000)
 ParOldGen       total 159744K, used 143746K [0x00000000c0000000, 0x00000000c9c00000, 0x00000000eab00000)
  object space 159744K, 89% used [0x00000000c0000000,0x00000000c8c60848,0x00000000c9c00000)
 Metaspace       used 72893K, committed 74304K, reserved 1179648K
  class space    used 7612K, committed 8256K, reserved 1048576K
}
Event: 16.535 GC heap after
{Heap after GC invocations=190 (full 9):
 PSYoungGen      total 43520K, used 5595K [0x00000000eab00000, 0x00000000edd80000, 0x0000000100000000)
  eden space 35840K, 0% used [0x00000000eab00000,0x00000000eab00000,0x00000000ece00000)
  from space 7680K, 72% used [0x00000000ece00000,0x00000000ed376fe0,0x00000000ed580000)
  to   space 6656K, 0% used [0x00000000ed700000,0x00000000ed700000,0x00000000edd80000)
 ParOldGen       total 159744K, used 144840K [0x00000000c0000000, 0x00000000c9c00000, 0x00000000eab00000)
  object space 159744K, 90% used [0x00000000c0000000,0x00000000c8d72100,0x00000000c9c00000)
 Metaspace       used 72893K, committed 74304K, reserved 1179648K
  class space    used 7612K, committed 8256K, reserved 1048576K
}
Event: 16.620 GC heap before
{Heap before GC invocations=191 (full 9):
 PSYoungGen      total 43520K, used 41435K [0x00000000eab00000, 0x00000000edd80000, 0x0000000100000000)
  eden space 35840K, 100% used [0x00000000eab00000,0x00000000ece00000,0x00000000ece00000)
  from space 7680K, 72% used [0x00000000ece00000,0x00000000ed376fe0,0x00000000ed580000)
  to   space 6656K, 0% used [0x00000000ed700000,0x00000000ed700000,0x00000000edd80000)
 ParOldGen       total 159744K, used 144840K [0x00000000c0000000, 0x00000000c9c00000, 0x00000000eab00000)
  object space 159744K, 90% used [0x00000000c0000000,0x00000000c8d72100,0x00000000c9c00000)
 Metaspace       used 72976K, committed 74368K, reserved 1179648K
  class space    used 7622K, committed 8256K, reserved 1048576K
}
Event: 16.626 GC heap after
{Heap after GC invocations=191 (full 9):
 PSYoungGen      total 43520K, used 6643K [0x00000000eab00000, 0x00000000ee080000, 0x0000000100000000)
  eden space 36864K, 0% used [0x00000000eab00000,0x00000000eab00000,0x00000000ecf00000)
  from space 6656K, 99% used [0x00000000ed700000,0x00000000edd7cfb8,0x00000000edd80000)
  to   space 8192K, 0% used [0x00000000ecf00000,0x00000000ecf00000,0x00000000ed700000)
 ParOldGen       total 159744K, used 145859K [0x00000000c0000000, 0x00000000c9c00000, 0x00000000eab00000)
  object space 159744K, 91% used [0x00000000c0000000,0x00000000c8e70d30,0x00000000c9c00000)
 Metaspace       used 72976K, committed 74368K, reserved 1179648K
  class space    used 7622K, committed 8256K, reserved 1048576K
}
Event: 16.678 GC heap before
{Heap before GC invocations=192 (full 9):
 PSYoungGen      total 43520K, used 43507K [0x00000000eab00000, 0x00000000ee080000, 0x0000000100000000)
  eden space 36864K, 100% used [0x00000000eab00000,0x00000000ecf00000,0x00000000ecf00000)
  from space 6656K, 99% used [0x00000000ed700000,0x00000000edd7cfb8,0x00000000edd80000)
  to   space 8192K, 0% used [0x00000000ecf00000,0x00000000ecf00000,0x00000000ed700000)
 ParOldGen       total 159744K, used 145859K [0x00000000c0000000, 0x00000000c9c00000, 0x00000000eab00000)
  object space 159744K, 91% used [0x00000000c0000000,0x00000000c8e70d30,0x00000000c9c00000)
 Metaspace       used 73122K, committed 74560K, reserved 1179648K
  class space    used 7629K, committed 8256K, reserved 1048576K
}
Event: 16.685 GC heap after
{Heap after GC invocations=192 (full 9):
 PSYoungGen      total 45056K, used 5768K [0x00000000eab00000, 0x00000000edf00000, 0x0000000100000000)
  eden space 36864K, 0% used [0x00000000eab00000,0x00000000eab00000,0x00000000ecf00000)
  from space 8192K, 70% used [0x00000000ecf00000,0x00000000ed4a2380,0x00000000ed700000)
  to   space 6656K, 0% used [0x00000000ed880000,0x00000000ed880000,0x00000000edf00000)
 ParOldGen       total 159744K, used 148830K [0x00000000c0000000, 0x00000000c9c00000, 0x00000000eab00000)
  object space 159744K, 93% used [0x00000000c0000000,0x00000000c9157ab8,0x00000000c9c00000)
 Metaspace       used 73122K, committed 74560K, reserved 1179648K
  class space    used 7629K, committed 8256K, reserved 1048576K
}
Event: 16.741 GC heap before
{Heap before GC invocations=193 (full 9):
 PSYoungGen      total 45056K, used 42632K [0x00000000eab00000, 0x00000000edf00000, 0x0000000100000000)
  eden space 36864K, 100% used [0x00000000eab00000,0x00000000ecf00000,0x00000000ecf00000)
  from space 8192K, 70% used [0x00000000ecf00000,0x00000000ed4a2380,0x00000000ed700000)
  to   space 6656K, 0% used [0x00000000ed880000,0x00000000ed880000,0x00000000edf00000)
 ParOldGen       total 159744K, used 148830K [0x00000000c0000000, 0x00000000c9c00000, 0x00000000eab00000)
  object space 159744K, 93% used [0x00000000c0000000,0x00000000c9157ab8,0x00000000c9c00000)
 Metaspace       used 73138K, committed 74560K, reserved 1179648K
  class space    used 7629K, committed 8256K, reserved 1048576K
}
Event: 16.747 GC heap after
{Heap after GC invocations=193 (full 9):
 PSYoungGen      total 42496K, used 6630K [0x00000000eab00000, 0x00000000ee700000, 0x0000000100000000)
  eden space 35840K, 0% used [0x00000000eab00000,0x00000000eab00000,0x00000000ece00000)
  from space 6656K, 99% used [0x00000000ed880000,0x00000000edef99e0,0x00000000edf00000)
  to   space 10752K, 0% used [0x00000000ece00000,0x00000000ece00000,0x00000000ed880000)
 ParOldGen       total 159744K, used 151778K [0x00000000c0000000, 0x00000000c9c00000, 0x00000000eab00000)
  object space 159744K, 95% used [0x00000000c0000000,0x00000000c9438a20,0x00000000c9c00000)
 Metaspace       used 73138K, committed 74560K, reserved 1179648K
  class space    used 7629K, committed 8256K, reserved 1048576K
}
Event: 16.785 GC heap before
{Heap before GC invocations=194 (full 9):
 PSYoungGen      total 42496K, used 42470K [0x00000000eab00000, 0x00000000ee700000, 0x0000000100000000)
  eden space 35840K, 100% used [0x00000000eab00000,0x00000000ece00000,0x00000000ece00000)
  from space 6656K, 99% used [0x00000000ed880000,0x00000000edef99e0,0x00000000edf00000)
  to   space 10752K, 0% used [0x00000000ece00000,0x00000000ece00000,0x00000000ed880000)
 ParOldGen       total 159744K, used 151778K [0x00000000c0000000, 0x00000000c9c00000, 0x00000000eab00000)
  object space 159744K, 95% used [0x00000000c0000000,0x00000000c9438a20,0x00000000c9c00000)
 Metaspace       used 73138K, committed 74560K, reserved 1179648K
  class space    used 7629K, committed 8256K, reserved 1048576K
}
Event: 16.792 GC heap after
{Heap after GC invocations=194 (full 9):
 PSYoungGen      total 41472K, used 5593K [0x00000000eab00000, 0x00000000edf00000, 0x0000000100000000)
  eden space 35840K, 0% used [0x00000000eab00000,0x00000000eab00000,0x00000000ece00000)
  from space 5632K, 99% used [0x00000000ece00000,0x00000000ed376468,0x00000000ed380000)
  to   space 7168K, 0% used [0x00000000ed800000,0x00000000ed800000,0x00000000edf00000)
 ParOldGen       total 159744K, used 153930K [0x00000000c0000000, 0x00000000c9c00000, 0x00000000eab00000)
  object space 159744K, 96% used [0x00000000c0000000,0x00000000c9652a58,0x00000000c9c00000)
 Metaspace       used 73138K, committed 74560K, reserved 1179648K
  class space    used 7629K, committed 8256K, reserved 1048576K
}
Event: 16.832 GC heap before
{Heap before GC invocations=195 (full 9):
 PSYoungGen      total 41472K, used 41433K [0x00000000eab00000, 0x00000000edf00000, 0x0000000100000000)
  eden space 35840K, 100% used [0x00000000eab00000,0x00000000ece00000,0x00000000ece00000)
  from space 5632K, 99% used [0x00000000ece00000,0x00000000ed376468,0x00000000ed380000)
  to   space 7168K, 0% used [0x00000000ed800000,0x00000000ed800000,0x00000000edf00000)
 ParOldGen       total 159744K, used 153930K [0x00000000c0000000, 0x00000000c9c00000, 0x00000000eab00000)
  object space 159744K, 96% used [0x00000000c0000000,0x00000000c9652a58,0x00000000c9c00000)
 Metaspace       used 73139K, committed 74560K, reserved 1179648K
  class space    used 7629K, committed 8256K, reserved 1048576K
}
Event: 16.837 GC heap after
{Heap after GC invocations=195 (full 9):
 PSYoungGen      total 45568K, used 6336K [0x00000000eab00000, 0x00000000ede80000, 0x0000000100000000)
  eden space 38912K, 0% used [0x00000000eab00000,0x00000000eab00000,0x00000000ed100000)
  from space 6656K, 95% used [0x00000000ed800000,0x00000000ede302f8,0x00000000ede80000)
  to   space 6656K, 0% used [0x00000000ed180000,0x00000000ed180000,0x00000000ed800000)
 ParOldGen       total 159744K, used 153930K [0x00000000c0000000, 0x00000000c9c00000, 0x00000000eab00000)
  object space 159744K, 96% used [0x00000000c0000000,0x00000000c9652a58,0x00000000c9c00000)
 Metaspace       used 73139K, committed 74560K, reserved 1179648K
  class space    used 7629K, committed 8256K, reserved 1048576K
}
Event: 16.884 GC heap before
{Heap before GC invocations=196 (full 9):
 PSYoungGen      total 45568K, used 45248K [0x00000000eab00000, 0x00000000ede80000, 0x0000000100000000)
  eden space 38912K, 100% used [0x00000000eab00000,0x00000000ed100000,0x00000000ed100000)
  from space 6656K, 95% used [0x00000000ed800000,0x00000000ede302f8,0x00000000ede80000)
  to   space 6656K, 0% used [0x00000000ed180000,0x00000000ed180000,0x00000000ed800000)
 ParOldGen       total 159744K, used 153930K [0x00000000c0000000, 0x00000000c9c00000, 0x00000000eab00000)
  object space 159744K, 96% used [0x00000000c0000000,0x00000000c9652a58,0x00000000c9c00000)
 Metaspace       used 73143K, committed 74560K, reserved 1179648K
  class space    used 7629K, committed 8256K, reserved 1048576K
}
Event: 16.889 GC heap after
{Heap after GC invocations=196 (full 9):
 PSYoungGen      total 46080K, used 6636K [0x00000000eab00000, 0x00000000ee380000, 0x0000000100000000)
  eden space 39424K, 0% used [0x00000000eab00000,0x00000000eab00000,0x00000000ed180000)
  from space 6656K, 99% used [0x00000000ed180000,0x00000000ed7fb328,0x00000000ed800000)
  to   space 7680K, 0% used [0x00000000edc00000,0x00000000edc00000,0x00000000ee380000)
 ParOldGen       total 159744K, used 154485K [0x00000000c0000000, 0x00000000c9c00000, 0x00000000eab00000)
  object space 159744K, 96% used [0x00000000c0000000,0x00000000c96dd4d0,0x00000000c9c00000)
 Metaspace       used 73143K, committed 74560K, reserved 1179648K
  class space    used 7629K, committed 8256K, reserved 1048576K
}
Event: 16.941 GC heap before
{Heap before GC invocations=197 (full 9):
 PSYoungGen      total 46080K, used 46060K [0x00000000eab00000, 0x00000000ee380000, 0x0000000100000000)
  eden space 39424K, 100% used [0x00000000eab00000,0x00000000ed180000,0x00000000ed180000)
  from space 6656K, 99% used [0x00000000ed180000,0x00000000ed7fb328,0x00000000ed800000)
  to   space 7680K, 0% used [0x00000000edc00000,0x00000000edc00000,0x00000000ee380000)
 ParOldGen       total 159744K, used 154485K [0x00000000c0000000, 0x00000000c9c00000, 0x00000000eab00000)
  object space 159744K, 96% used [0x00000000c0000000,0x00000000c96dd4d0,0x00000000c9c00000)
 Metaspace       used 73144K, committed 74560K, reserved 1179648K
  class space    used 7629K, committed 8256K, reserved 1048576K
}
Event: 16.947 GC heap after
{Heap after GC invocations=197 (full 9):
 PSYoungGen      total 47104K, used 3983K [0x00000000eab00000, 0x00000000ee000000, 0x0000000100000000)
  eden space 43008K, 0% used [0x00000000eab00000,0x00000000eab00000,0x00000000ed500000)
  from space 4096K, 97% used [0x00000000edc00000,0x00000000edfe3cc0,0x00000000ee000000)
  to   space 5632K, 0% used [0x00000000ed500000,0x00000000ed500000,0x00000000eda80000)
 ParOldGen       total 159744K, used 158059K [0x00000000c0000000, 0x00000000c9c00000, 0x00000000eab00000)
  object space 159744K, 98% used [0x00000000c0000000,0x00000000c9a5ac28,0x00000000c9c00000)
 Metaspace       used 73144K, committed 74560K, reserved 1179648K
  class space    used 7629K, committed 8256K, reserved 1048576K
}
Event: 17.016 GC heap before
{Heap before GC invocations=198 (full 10):
 PSYoungGen      total 47104K, used 46991K [0x00000000eab00000, 0x00000000ee000000, 0x0000000100000000)
  eden space 43008K, 100% used [0x00000000eab00000,0x00000000ed500000,0x00000000ed500000)
  from space 4096K, 97% used [0x00000000edc00000,0x00000000edfe3cc0,0x00000000ee000000)
  to   space 5632K, 0% used [0x00000000ed500000,0x00000000ed500000,0x00000000eda80000)
 ParOldGen       total 159744K, used 158059K [0x00000000c0000000, 0x00000000c9c00000, 0x00000000eab00000)
  object space 159744K, 98% used [0x00000000c0000000,0x00000000c9a5ac28,0x00000000c9c00000)
 Metaspace       used 73170K, committed 74560K, reserved 1179648K
  class space    used 7629K, committed 8256K, reserved 1048576K
}

Dll operation events (10 events):
Event: 0.009 Loaded shared library c:\Users\dperez.EBSA0\.vscode\extensions\redhat.java-1.36.0-win32-x64\jre\17.0.13-win32-x86_64\bin\java.dll
Event: 0.134 Loaded shared library c:\Users\dperez.EBSA0\.vscode\extensions\redhat.java-1.36.0-win32-x64\jre\17.0.13-win32-x86_64\bin\zip.dll
Event: 0.137 Loaded shared library C:\Users\dperez.EBSA0\.vscode\extensions\redhat.java-1.36.0-win32-x64\jre\17.0.13-win32-x86_64\bin\instrument.dll
Event: 0.150 Loaded shared library C:\Users\dperez.EBSA0\.vscode\extensions\redhat.java-1.36.0-win32-x64\jre\17.0.13-win32-x86_64\bin\net.dll
Event: 0.152 Loaded shared library C:\Users\dperez.EBSA0\.vscode\extensions\redhat.java-1.36.0-win32-x64\jre\17.0.13-win32-x86_64\bin\nio.dll
Event: 0.159 Loaded shared library C:\Users\dperez.EBSA0\.vscode\extensions\redhat.java-1.36.0-win32-x64\jre\17.0.13-win32-x86_64\bin\zip.dll
Event: 0.176 Loaded shared library C:\Users\dperez.EBSA0\.vscode\extensions\redhat.java-1.36.0-win32-x64\jre\17.0.13-win32-x86_64\bin\jimage.dll
Event: 0.235 Loaded shared library c:\Users\dperez.EBSA0\.vscode\extensions\redhat.java-1.36.0-win32-x64\jre\17.0.13-win32-x86_64\bin\verify.dll
Event: 1.173 Loaded shared library C:\Users\dperez.EBSA0\AppData\Roaming\Code\User\globalStorage\redhat.java\1.36.0\config_win\org.eclipse.equinox.launcher\org.eclipse.equinox.launcher.win32.win32.x86_64_1.2.1100.v20240722-2106\eclipse_11904.dll
Event: 2.304 Loaded shared library C:\Users\dperez.EBSA0\AppData\Local\Temp\jna--1325496146\jna6518043015610096180.dll

Deoptimization events (20 events):
Event: 16.690 Thread 0x00000259feb1b070 DEOPT PACKING pc=0x00000259e35c0a42 sp=0x000000d7df0fda20
Event: 16.690 Thread 0x00000259feb1b070 DEOPT UNPACKING pc=0x00000259e9856e43 sp=0x000000d7df0fcf28 mode 0
Event: 16.691 Thread 0x00000259fa7554b0 DEOPT PACKING pc=0x00000259e35c0b50 sp=0x000000d7dcafe6d0
Event: 16.691 Thread 0x00000259fa7554b0 DEOPT UNPACKING pc=0x00000259e9856e43 sp=0x000000d7dcafdbd8 mode 0
Event: 16.692 Thread 0x00000259fa758240 DEOPT PACKING pc=0x00000259e35c0b50 sp=0x000000d7dd6fe030
Event: 16.692 Thread 0x00000259fa758240 DEOPT UNPACKING pc=0x00000259e9856e43 sp=0x000000d7dd6fd538 mode 0
Event: 16.693 Thread 0x00000259fa758240 DEOPT PACKING pc=0x00000259e35c0b50 sp=0x000000d7dd6fe030
Event: 16.693 Thread 0x00000259fa758240 DEOPT UNPACKING pc=0x00000259e9856e43 sp=0x000000d7dd6fd538 mode 0
Event: 16.720 Thread 0x00000259fa7554b0 DEOPT PACKING pc=0x00000259e2f21626 sp=0x000000d7dcafe620
Event: 16.720 Thread 0x00000259fa7554b0 DEOPT UNPACKING pc=0x00000259e9856e43 sp=0x000000d7dcafdaa0 mode 0
Event: 16.817 Thread 0x00000259fa758240 DEOPT PACKING pc=0x00000259e33ad7a3 sp=0x000000d7dd6fe250
Event: 16.817 Thread 0x00000259fa758240 DEOPT UNPACKING pc=0x00000259e9856e43 sp=0x000000d7dd6fd818 mode 0
Event: 16.878 Thread 0x00000259fa7554b0 DEOPT PACKING pc=0x00000259e33ad7a3 sp=0x000000d7dcafe8c0
Event: 16.878 Thread 0x00000259fa7554b0 DEOPT UNPACKING pc=0x00000259e9856e43 sp=0x000000d7dcafde88 mode 0
Event: 16.948 Thread 0x00000259feb1b070 DEOPT PACKING pc=0x00000259e33ad7a3 sp=0x000000d7df0fdc10
Event: 16.948 Thread 0x00000259feb1b070 DEOPT UNPACKING pc=0x00000259e9856e43 sp=0x000000d7df0fd1d8 mode 0
Event: 16.990 Thread 0x00000259feb1b070 Uncommon trap: trap_request=0xffffff45 fr.pc=0x00000259ea414364 relative=0x0000000000005984
Event: 16.990 Thread 0x00000259feb1b070 Uncommon trap: reason=unstable_if action=reinterpret pc=0x00000259ea414364 method=org.eclipse.jdt.internal.compiler.impl.CompilerOptions.versionToJdkLevel(Ljava/lang/String;Z)J @ 46 c2
Event: 16.990 Thread 0x00000259feb1b070 DEOPT PACKING pc=0x00000259ea414364 sp=0x000000d7df0fdb20
Event: 16.990 Thread 0x00000259feb1b070 DEOPT UNPACKING pc=0x00000259e98566a3 sp=0x000000d7df0fd830 mode 2

Classes loaded (20 events):
Event: 14.180 Loading class com/sun/crypto/provider/ElectronicCodeBook
Event: 14.180 Loading class com/sun/crypto/provider/FeedbackCipher
Event: 14.180 Loading class com/sun/crypto/provider/FeedbackCipher done
Event: 14.180 Loading class com/sun/crypto/provider/ElectronicCodeBook done
Event: 14.180 Loading class com/sun/crypto/provider/PKCS5Padding
Event: 14.180 Loading class com/sun/crypto/provider/Padding
Event: 14.183 Loading class com/sun/crypto/provider/Padding done
Event: 14.183 Loading class com/sun/crypto/provider/PKCS5Padding done
Event: 14.183 Loading class com/sun/crypto/provider/CipherBlockChaining
Event: 14.183 Loading class com/sun/crypto/provider/CipherBlockChaining done
Event: 14.183 Loading class javax/crypto/NullCipher
Event: 14.184 Loading class javax/crypto/NullCipher done
Event: 14.184 Loading class sun/security/util/ArrayUtil
Event: 14.184 Loading class sun/security/util/ArrayUtil done
Event: 14.188 Loading class jdk/internal/reflect/UnsafeQualifiedStaticIntegerFieldAccessorImpl
Event: 14.189 Loading class jdk/internal/reflect/UnsafeQualifiedStaticIntegerFieldAccessorImpl done
Event: 14.261 Loading class java/util/zip/CheckedInputStream
Event: 14.261 Loading class java/util/zip/CheckedInputStream done
Event: 14.428 Loading class java/util/zip/GZIPInputStream$1
Event: 14.429 Loading class java/util/zip/GZIPInputStream$1 done

Classes unloaded (14 events):
Event: 3.685 Thread 0x00000259f8790c20 Unloading class 0x0000000100250400 'java/lang/invoke/LambdaForm$MH+0x0000000100250400'
Event: 3.685 Thread 0x00000259f8790c20 Unloading class 0x0000000100250000 'java/lang/invoke/LambdaForm$MH+0x0000000100250000'
Event: 3.685 Thread 0x00000259f8790c20 Unloading class 0x000000010024fc00 'java/lang/invoke/LambdaForm$MH+0x000000010024fc00'
Event: 3.685 Thread 0x00000259f8790c20 Unloading class 0x000000010024f800 'java/lang/invoke/LambdaForm$MH+0x000000010024f800'
Event: 3.685 Thread 0x00000259f8790c20 Unloading class 0x000000010024f400 'java/lang/invoke/LambdaForm$BMH+0x000000010024f400'
Event: 3.685 Thread 0x00000259f8790c20 Unloading class 0x000000010024f000 'java/lang/invoke/LambdaForm$DMH+0x000000010024f000'
Event: 3.685 Thread 0x00000259f8790c20 Unloading class 0x000000010024c800 'java/lang/invoke/LambdaForm$DMH+0x000000010024c800'
Event: 12.382 Thread 0x00000259f8790c20 Unloading class 0x0000000100749c00 'java/lang/invoke/LambdaForm$MH+0x0000000100749c00'
Event: 12.382 Thread 0x00000259f8790c20 Unloading class 0x0000000100749800 'java/lang/invoke/LambdaForm$MH+0x0000000100749800'
Event: 12.382 Thread 0x00000259f8790c20 Unloading class 0x0000000100749400 'java/lang/invoke/LambdaForm$MH+0x0000000100749400'
Event: 12.382 Thread 0x00000259f8790c20 Unloading class 0x0000000100749000 'java/lang/invoke/LambdaForm$MH+0x0000000100749000'
Event: 12.382 Thread 0x00000259f8790c20 Unloading class 0x0000000100748800 'java/lang/invoke/LambdaForm$DMH+0x0000000100748800'
Event: 12.382 Thread 0x00000259f8790c20 Unloading class 0x0000000100748400 'java/lang/invoke/LambdaForm$DMH+0x0000000100748400'
Event: 12.382 Thread 0x00000259f8790c20 Unloading class 0x0000000100743c00 'java/lang/invoke/LambdaForm$DMH+0x0000000100743c00'

Classes redefined (0 events):
No events

Internal exceptions (20 events):
Event: 14.458 Thread 0x00000259feb15a60 Exception <a 'sun/nio/fs/WindowsException'{0x00000000eacb0b78}> (0x00000000eacb0b78) 
thrown [s\src\hotspot\share\prims\jni.cpp, line 516]
Event: 14.463 Thread 0x00000259feb15a60 Exception <a 'sun/nio/fs/WindowsException'{0x00000000eacb18f0}> (0x00000000eacb18f0) 
thrown [s\src\hotspot\share\prims\jni.cpp, line 516]
Event: 14.464 Thread 0x00000259feb15a60 Exception <a 'sun/nio/fs/WindowsException'{0x00000000eaeac338}> (0x00000000eaeac338) 
thrown [s\src\hotspot\share\prims\jni.cpp, line 516]
Event: 14.464 Thread 0x00000259feb15a60 Exception <a 'sun/nio/fs/WindowsException'{0x00000000eaeadb40}> (0x00000000eaeadb40) 
thrown [s\src\hotspot\share\prims\jni.cpp, line 516]
Event: 14.464 Thread 0x00000259feb15a60 Exception <a 'sun/nio/fs/WindowsException'{0x00000000eaf0d470}> (0x00000000eaf0d470) 
thrown [s\src\hotspot\share\prims\jni.cpp, line 516]
Event: 14.469 Thread 0x00000259feb15a60 Exception <a 'sun/nio/fs/WindowsException'{0x00000000eafb9f50}> (0x00000000eafb9f50) 
thrown [s\src\hotspot\share\prims\jni.cpp, line 516]
Event: 14.469 Thread 0x00000259feb15a60 Exception <a 'sun/nio/fs/WindowsException'{0x00000000eafba830}> (0x00000000eafba830) 
thrown [s\src\hotspot\share\prims\jni.cpp, line 516]
Event: 15.201 Thread 0x00000259fa7554b0 Implicit null exception at 0x00000259ea2adbe0 to 0x00000259ea2adce4
Event: 15.225 Thread 0x00000259fa7554b0 Implicit null exception at 0x00000259e9faefe0 to 0x00000259e9faf10d
Event: 16.299 Thread 0x00000259fa7554b0 Implicit null exception at 0x00000259ea163100 to 0x00000259ea163678
Event: 16.592 Thread 0x00000259feb1b070 Exception <a 'java/lang/IncompatibleClassChangeError'{0x00000000ec39e8f0}: Found class java.lang.Object, but interface was expected> (0x00000000ec39e8f0) 
thrown [s\src\hotspot\share\interpreter\linkResolver.cpp, line 826]
Event: 16.689 Thread 0x00000259feb15040 Exception <a 'java/lang/ArrayIndexOutOfBoundsException'{0x00000000eababac0}> (0x00000000eababac0) 
thrown [s\src\hotspot\share\runtime\sharedRuntime.cpp, line 631]
Event: 16.975 Thread 0x00000259fa758240 Exception <a 'sun/nio/fs/WindowsException'{0x00000000eb7d64e8}> (0x00000000eb7d64e8) 
thrown [s\src\hotspot\share\prims\jni.cpp, line 516]
Event: 16.975 Thread 0x00000259fa758240 Exception <a 'sun/nio/fs/WindowsException'{0x00000000eb7d6b20}> (0x00000000eb7d6b20) 
thrown [s\src\hotspot\share\prims\jni.cpp, line 516]
Event: 16.976 Thread 0x00000259fa758240 Exception <a 'sun/nio/fs/WindowsException'{0x00000000eb7d75d8}> (0x00000000eb7d75d8) 
thrown [s\src\hotspot\share\prims\jni.cpp, line 516]
Event: 16.976 Thread 0x00000259fa758240 Exception <a 'sun/nio/fs/WindowsException'{0x00000000eb7d7c10}> (0x00000000eb7d7c10) 
thrown [s\src\hotspot\share\prims\jni.cpp, line 516]
Event: 16.976 Thread 0x00000259fa758240 Exception <a 'sun/nio/fs/WindowsException'{0x00000000eb7d9150}> (0x00000000eb7d9150) 
thrown [s\src\hotspot\share\prims\jni.cpp, line 516]
Event: 16.976 Thread 0x00000259fa758240 Exception <a 'sun/nio/fs/WindowsException'{0x00000000eb7d9788}> (0x00000000eb7d9788) 
thrown [s\src\hotspot\share\prims\jni.cpp, line 516]
Event: 16.981 Thread 0x00000259fa758240 Exception <a 'sun/nio/fs/WindowsException'{0x00000000ebc0a840}> (0x00000000ebc0a840) 
thrown [s\src\hotspot\share\prims\jni.cpp, line 516]
Event: 16.982 Thread 0x00000259fa758240 Exception <a 'sun/nio/fs/WindowsException'{0x00000000ebc0b120}> (0x00000000ebc0b120) 
thrown [s\src\hotspot\share\prims\jni.cpp, line 516]

VM Operations (20 events):
Event: 16.535 Executing VM operation: ParallelGCFailedAllocation done
Event: 16.546 Executing VM operation: HandshakeAllThreads
Event: 16.549 Executing VM operation: HandshakeAllThreads done
Event: 16.554 Executing VM operation: HandshakeAllThreads
Event: 16.561 Executing VM operation: HandshakeAllThreads done
Event: 16.611 Executing VM operation: ParallelGCFailedAllocation
Event: 16.626 Executing VM operation: ParallelGCFailedAllocation done
Event: 16.675 Executing VM operation: ParallelGCFailedAllocation
Event: 16.685 Executing VM operation: ParallelGCFailedAllocation done
Event: 16.737 Executing VM operation: ParallelGCFailedAllocation
Event: 16.747 Executing VM operation: ParallelGCFailedAllocation done
Event: 16.785 Executing VM operation: ParallelGCFailedAllocation
Event: 16.792 Executing VM operation: ParallelGCFailedAllocation done
Event: 16.832 Executing VM operation: ParallelGCFailedAllocation
Event: 16.837 Executing VM operation: ParallelGCFailedAllocation done
Event: 16.884 Executing VM operation: ParallelGCFailedAllocation
Event: 16.889 Executing VM operation: ParallelGCFailedAllocation done
Event: 16.940 Executing VM operation: ParallelGCFailedAllocation
Event: 16.947 Executing VM operation: ParallelGCFailedAllocation done
Event: 17.015 Executing VM operation: ParallelGCFailedAllocation

Memory protections (0 events):
No events

Nmethod flushes (20 events):
Event: 14.133 Thread 0x00000259f87c8530 flushing  nmethod 0x00000259e33a5a10
Event: 14.133 Thread 0x00000259f87c8530 flushing  nmethod 0x00000259e33c5a10
Event: 14.133 Thread 0x00000259f87c8530 flushing  nmethod 0x00000259e33dde90
Event: 14.133 Thread 0x00000259f87c8530 flushing  nmethod 0x00000259e33f0b10
Event: 14.134 Thread 0x00000259f87c8530 flushing  nmethod 0x00000259e3487f90
Event: 14.134 Thread 0x00000259f87c8530 flushing  nmethod 0x00000259e348e290
Event: 14.134 Thread 0x00000259f87c8530 flushing  nmethod 0x00000259e349c590
Event: 14.134 Thread 0x00000259f87c8530 flushing  nmethod 0x00000259e34e0690
Event: 14.134 Thread 0x00000259f87c8530 flushing  nmethod 0x00000259e3532890
Event: 14.134 Thread 0x00000259f87c8530 flushing  nmethod 0x00000259e3549090
Event: 14.134 Thread 0x00000259f87c8530 flushing  nmethod 0x00000259e3555990
Event: 14.134 Thread 0x00000259f87c8530 flushing  nmethod 0x00000259e355d410
Event: 14.134 Thread 0x00000259f87c8530 flushing  nmethod 0x00000259e3560990
Event: 14.135 Thread 0x00000259f87c8530 flushing  nmethod 0x00000259e35b9f90
Event: 14.135 Thread 0x00000259f87c8530 flushing  nmethod 0x00000259e3618110
Event: 16.564 Thread 0x00000259f87c8530 flushing  nmethod 0x00000259ea377610
Event: 16.574 Thread 0x00000259f87c8530 flushing  nmethod 0x00000259e2f4a690
Event: 16.575 Thread 0x00000259f87c8530 flushing  nmethod 0x00000259e2f8ba90
Event: 16.580 Thread 0x00000259f87c8530 flushing  nmethod 0x00000259e35fc290
Event: 16.580 Thread 0x00000259f87c8530 flushing  nmethod 0x00000259e362d990

Events (20 events):
Event: 12.766 Thread 0x00000259fa758750 Thread added: 0x00000259feb15f70
Event: 12.766 Thread 0x00000259fa758750 Thread added: 0x00000259feb1b070
Event: 12.766 Thread 0x00000259fa758750 Thread added: 0x00000259feb1a650
Event: 12.766 Thread 0x00000259fa758750 Thread added: 0x00000259feb14110
Event: 12.766 Thread 0x00000259fa758750 Thread added: 0x00000259feb16ea0
Event: 12.814 Thread 0x00000259feb1b070 Thread exited: 0x00000259feb1b070
Event: 12.814 Thread 0x00000259feb1a650 Thread exited: 0x00000259feb1a650
Event: 12.814 Thread 0x00000259feb16ea0 Thread exited: 0x00000259feb16ea0
Event: 12.815 Thread 0x00000259feb14110 Thread exited: 0x00000259feb14110
Event: 12.815 Thread 0x00000259feb15f70 Thread exited: 0x00000259feb15f70
Event: 13.216 Thread 0x00000259fa759b90 Thread added: 0x00000259feb1a650
Event: 13.643 Thread 0x00000259fa759b90 Thread added: 0x00000259feb16ea0
Event: 13.643 Thread 0x00000259fa759b90 Thread added: 0x00000259feb1b070
Event: 13.754 Thread 0x00000259fa759b90 Thread added: 0x00000259feb14110
Event: 13.813 Thread 0x00000259fa759b90 Thread added: 0x00000259feb15040
Event: 13.869 Thread 0x00000259feb15040 Thread added: 0x00000259feb15550
Event: 13.873 Thread 0x00000259feb15550 Thread added: 0x00000259feb15a60
Event: 13.880 Thread 0x00000259fa758240 Thread added: 0x00000259feb15f70
Event: 13.968 Thread 0x00000259feb15040 Thread added: 0x00000259fa8c4c50
Event: 15.367 Thread 0x00000259fa8c4c50 Thread exited: 0x00000259fa8c4c50


Dynamic libraries:
0x00007ff6b7340000 - 0x00007ff6b734e000 	c:\Users\dperez.EBSA0\.vscode\extensions\redhat.java-1.36.0-win32-x64\jre\17.0.13-win32-x86_64\bin\java.exe
0x00007ffa8f610000 - 0x00007ffa8f808000 	C:\Windows\SYSTEM32\ntdll.dll
0x00007ffa8f1a0000 - 0x00007ffa8f262000 	C:\Windows\System32\KERNEL32.DLL
0x00007ffa8cce0000 - 0x00007ffa8cfde000 	C:\Windows\System32\KERNELBASE.dll
0x00007ffa8d140000 - 0x00007ffa8d240000 	C:\Windows\System32\ucrtbase.dll
0x00007ffa73b70000 - 0x00007ffa73b87000 	c:\Users\dperez.EBSA0\.vscode\extensions\redhat.java-1.36.0-win32-x64\jre\17.0.13-win32-x86_64\bin\jli.dll
0x00007ffa8e880000 - 0x00007ffa8ea1d000 	C:\Windows\System32\USER32.dll
0x00007ffa711e0000 - 0x00007ffa711fe000 	c:\Users\dperez.EBSA0\.vscode\extensions\redhat.java-1.36.0-win32-x64\jre\17.0.13-win32-x86_64\bin\VCRUNTIME140.dll
0x00007ffa751b0000 - 0x00007ffa7544a000 	C:\Windows\WinSxS\amd64_microsoft.windows.common-controls_6595b64144ccf1df_6.0.19041.4355_none_60b8b9eb71f62e16\COMCTL32.dll
0x00007ffa8d430000 - 0x00007ffa8d452000 	C:\Windows\System32\win32u.dll
0x00007ffa8eb30000 - 0x00007ffa8ebce000 	C:\Windows\System32\msvcrt.dll
0x00007ffa8db40000 - 0x00007ffa8db6b000 	C:\Windows\System32\GDI32.dll
0x00007ffa8d510000 - 0x00007ffa8d627000 	C:\Windows\System32\gdi32full.dll
0x00007ffa8d300000 - 0x00007ffa8d39d000 	C:\Windows\System32\msvcp_win.dll
0x00007ffa8ecf0000 - 0x00007ffa8ed1f000 	C:\Windows\System32\IMM32.DLL
0x00007ffa824c0000 - 0x00007ffa824cc000 	c:\Users\dperez.EBSA0\.vscode\extensions\redhat.java-1.36.0-win32-x64\jre\17.0.13-win32-x86_64\bin\vcruntime140_1.dll
0x00007ffa43fb0000 - 0x00007ffa4403d000 	c:\Users\dperez.EBSA0\.vscode\extensions\redhat.java-1.36.0-win32-x64\jre\17.0.13-win32-x86_64\bin\msvcp140.dll
0x00007ff9c4ba0000 - 0x00007ff9c580b000 	c:\Users\dperez.EBSA0\.vscode\extensions\redhat.java-1.36.0-win32-x64\jre\17.0.13-win32-x86_64\bin\server\jvm.dll
0x00007ffa8e3b0000 - 0x00007ffa8e462000 	C:\Windows\System32\ADVAPI32.dll
0x00007ffa8d710000 - 0x00007ffa8d7b0000 	C:\Windows\System32\sechost.dll
0x00007ffa8e470000 - 0x00007ffa8e593000 	C:\Windows\System32\RPCRT4.dll
0x00007ffa8ccb0000 - 0x00007ffa8ccd7000 	C:\Windows\System32\bcrypt.dll
0x00007ffa8ebd0000 - 0x00007ffa8ec3b000 	C:\Windows\System32\WS2_32.dll
0x00007ffa8c240000 - 0x00007ffa8c28b000 	C:\Windows\SYSTEM32\POWRPROF.dll
0x00007ffa73cb0000 - 0x00007ffa73cd7000 	C:\Windows\SYSTEM32\WINMM.dll
0x00007ffa862d0000 - 0x00007ffa862da000 	C:\Windows\SYSTEM32\VERSION.dll
0x00007ffa8c0b0000 - 0x00007ffa8c0c2000 	C:\Windows\SYSTEM32\UMPDC.dll
0x00007ffa8b300000 - 0x00007ffa8b312000 	C:\Windows\SYSTEM32\kernel.appcore.dll
0x00007ffa78220000 - 0x00007ffa7822a000 	c:\Users\dperez.EBSA0\.vscode\extensions\redhat.java-1.36.0-win32-x64\jre\17.0.13-win32-x86_64\bin\jimage.dll
0x00007ffa876d0000 - 0x00007ffa878b4000 	C:\Windows\SYSTEM32\DBGHELP.DLL
0x00007ffa847f0000 - 0x00007ffa84824000 	C:\Windows\SYSTEM32\dbgcore.DLL
0x00007ffa8d3a0000 - 0x00007ffa8d422000 	C:\Windows\System32\bcryptPrimitives.dll
0x00007ffa73810000 - 0x00007ffa7381e000 	c:\Users\dperez.EBSA0\.vscode\extensions\redhat.java-1.36.0-win32-x64\jre\17.0.13-win32-x86_64\bin\instrument.dll
0x00007ffa5ca30000 - 0x00007ffa5ca55000 	c:\Users\dperez.EBSA0\.vscode\extensions\redhat.java-1.36.0-win32-x64\jre\17.0.13-win32-x86_64\bin\java.dll
0x00007ffa71090000 - 0x00007ffa710a8000 	c:\Users\dperez.EBSA0\.vscode\extensions\redhat.java-1.36.0-win32-x64\jre\17.0.13-win32-x86_64\bin\zip.dll
0x00007ffa8dbd0000 - 0x00007ffa8e33f000 	C:\Windows\System32\SHELL32.dll
0x00007ffa8a9f0000 - 0x00007ffa8b194000 	C:\Windows\SYSTEM32\windows.storage.dll
0x00007ffa8f270000 - 0x00007ffa8f5c3000 	C:\Windows\System32\combase.dll
0x00007ffa8c6e0000 - 0x00007ffa8c70e000 	C:\Windows\SYSTEM32\Wldp.dll
0x00007ffa8e6d0000 - 0x00007ffa8e79d000 	C:\Windows\System32\OLEAUT32.dll
0x00007ffa8ea80000 - 0x00007ffa8eb2d000 	C:\Windows\System32\SHCORE.dll
0x00007ffa8db70000 - 0x00007ffa8dbc5000 	C:\Windows\System32\shlwapi.dll
0x00007ffa8cbe0000 - 0x00007ffa8cc04000 	C:\Windows\SYSTEM32\profapi.dll
0x00007ffa64140000 - 0x00007ffa64159000 	C:\Users\dperez.EBSA0\.vscode\extensions\redhat.java-1.36.0-win32-x64\jre\17.0.13-win32-x86_64\bin\net.dll
0x00007ffa8bc70000 - 0x00007ffa8bd7d000 	C:\Windows\SYSTEM32\WINHTTP.dll
0x00007ffa8c440000 - 0x00007ffa8c4aa000 	C:\Windows\system32\mswsock.dll
0x00007ffa5ef90000 - 0x00007ffa5efa6000 	C:\Users\dperez.EBSA0\.vscode\extensions\redhat.java-1.36.0-win32-x64\jre\17.0.13-win32-x86_64\bin\nio.dll
0x00007ffa6ded0000 - 0x00007ffa6dee0000 	c:\Users\dperez.EBSA0\.vscode\extensions\redhat.java-1.36.0-win32-x64\jre\17.0.13-win32-x86_64\bin\verify.dll
0x00007ffa44130000 - 0x00007ffa44175000 	C:\Users\dperez.EBSA0\AppData\Roaming\Code\User\globalStorage\redhat.java\1.36.0\config_win\org.eclipse.equinox.launcher\org.eclipse.equinox.launcher.win32.win32.x86_64_1.2.1100.v20240722-2106\eclipse_11904.dll
0x00007ffa8e5a0000 - 0x00007ffa8e6cb000 	C:\Windows\System32\ole32.dll
0x00007ffa8c640000 - 0x00007ffa8c658000 	C:\Windows\SYSTEM32\CRYPTSP.dll
0x00007ffa8bbe0000 - 0x00007ffa8bc14000 	C:\Windows\system32\rsaenh.dll
0x00007ffa8cb60000 - 0x00007ffa8cb8e000 	C:\Windows\SYSTEM32\USERENV.dll
0x00007ffa8c630000 - 0x00007ffa8c63c000 	C:\Windows\SYSTEM32\CRYPTBASE.dll
0x00007ffa8c0d0000 - 0x00007ffa8c10b000 	C:\Windows\SYSTEM32\IPHLPAPI.DLL
0x00007ffa8ed20000 - 0x00007ffa8ed28000 	C:\Windows\System32\NSI.dll
0x00007ffa85960000 - 0x00007ffa85977000 	C:\Windows\SYSTEM32\dhcpcsvc6.DLL
0x00007ffa85940000 - 0x00007ffa8595d000 	C:\Windows\SYSTEM32\dhcpcsvc.DLL
0x00007ffa8c110000 - 0x00007ffa8c1da000 	C:\Windows\SYSTEM32\DNSAPI.dll
0x00007ffa4aca0000 - 0x00007ffa4ace9000 	C:\Users\dperez.EBSA0\AppData\Local\Temp\jna--1325496146\jna6518043015610096180.dll
0x00007ffa8da10000 - 0x00007ffa8da18000 	C:\Windows\System32\PSAPI.DLL

dbghelp: loaded successfully - version: 4.0.5 - missing functions: none
symbol engine: initialized successfully - sym options: 0x614 - pdb path: .;c:\Users\dperez.EBSA0\.vscode\extensions\redhat.java-1.36.0-win32-x64\jre\17.0.13-win32-x86_64\bin;C:\Windows\SYSTEM32;C:\Windows\WinSxS\amd64_microsoft.windows.common-controls_6595b64144ccf1df_6.0.19041.4355_none_60b8b9eb71f62e16;c:\Users\dperez.EBSA0\.vscode\extensions\redhat.java-1.36.0-win32-x64\jre\17.0.13-win32-x86_64\bin\server;C:\Users\dperez.EBSA0\AppData\Roaming\Code\User\globalStorage\redhat.java\1.36.0\config_win\org.eclipse.equinox.launcher\org.eclipse.equinox.launcher.win32.win32.x86_64_1.2.1100.v20240722-2106;C:\Users\dperez.EBSA0\AppData\Local\Temp\jna--1325496146

VM Arguments:
jvm_args: --add-modules=ALL-SYSTEM --add-opens=java.base/java.util=ALL-UNNAMED --add-opens=java.base/java.lang=ALL-UNNAMED --add-opens=java.base/sun.nio.fs=ALL-UNNAMED -Declipse.application=org.eclipse.jdt.ls.core.id1 -Dosgi.bundles.defaultStartLevel=4 -Declipse.product=org.eclipse.jdt.ls.core.product -Djava.import.generatesMetadataFilesAtProjectRoot=false -DDetectVMInstallationsJob.disabled=true -Dfile.encoding=utf8 -XX:+UseParallelGC -XX:GCTimeRatio=4 -XX:AdaptiveSizePolicyWeight=90 -Dsun.zip.disableMemoryMapping=true -Xmx1G -Xms100m -Xlog:disable -javaagent:c:\Users\dperez.EBSA0\.vscode\extensions\redhat.java-1.36.0-win32-x64\lombok\lombok-1.18.35.jar -XX:+HeapDumpOnOutOfMemoryError -XX:HeapDumpPath=c:\Users\dperez.EBSA0\AppData\Roaming\Code\User\workspaceStorage\85fea7f60e6c7c16e368b3e8e98672d4\redhat.java -Daether.dependencyCollector.impl=bf 
java_command: c:\Users\dperez.EBSA0\.vscode\extensions\redhat.java-1.36.0-win32-x64\server\plugins\org.eclipse.equinox.launcher_1.6.900.v20240613-2009.jar -configuration c:\Users\dperez.EBSA0\AppData\Roaming\Code\User\globalStorage\redhat.java\1.36.0\config_win -data c:\Users\dperez.EBSA0\AppData\Roaming\Code\User\workspaceStorage\85fea7f60e6c7c16e368b3e8e98672d4\redhat.java\jdt_ws --pipe=\\.\pipe\lsp-6554f3366697272262496f652bd75fb1-sock
java_class_path (initial): c:\Users\dperez.EBSA0\.vscode\extensions\redhat.java-1.36.0-win32-x64\server\plugins\org.eclipse.equinox.launcher_1.6.900.v20240613-2009.jar
Launcher Type: SUN_STANDARD

[Global flags]
    uintx AdaptiveSizePolicyWeight                 = 90                                        {product} {command line}
     intx CICompilerCount                          = 4                                         {product} {ergonomic}
    uintx GCTimeRatio                              = 4                                         {product} {command line}
     bool HeapDumpOnOutOfMemoryError               = true                                   {manageable} {command line}
    ccstr HeapDumpPath                             = c:\Users\dperez.EBSA0\AppData\Roaming\Code\User\workspaceStorage\85fea7f60e6c7c16e368b3e8e98672d4\redhat.java         {manageable} {command line}
   size_t InitialHeapSize                          = 104857600                                 {product} {command line}
   size_t MaxHeapSize                              = 1073741824                                {product} {command line}
   size_t MaxNewSize                               = 357564416                                 {product} {ergonomic}
   size_t MinHeapDeltaBytes                        = 524288                                    {product} {ergonomic}
   size_t MinHeapSize                              = 104857600                                 {product} {command line}
   size_t NewSize                                  = 34603008                                  {product} {ergonomic}
    uintx NonNMethodCodeHeapSize                   = 5839372                                {pd product} {ergonomic}
    uintx NonProfiledCodeHeapSize                  = 122909434                              {pd product} {ergonomic}
   size_t OldSize                                  = 70254592                                  {product} {ergonomic}
    uintx ProfiledCodeHeapSize                     = 122909434                              {pd product} {ergonomic}
    uintx ReservedCodeCacheSize                    = 251658240                              {pd product} {ergonomic}
     bool SegmentedCodeCache                       = true                                      {product} {ergonomic}
   size_t SoftMaxHeapSize                          = 1073741824                             {manageable} {ergonomic}
     bool UseCompressedClassPointers               = true                           {product lp64_product} {ergonomic}
     bool UseCompressedOops                        = true                           {product lp64_product} {ergonomic}
     bool UseLargePagesIndividualAllocation        = false                                  {pd product} {ergonomic}
     bool UseParallelGC                            = true                                      {product} {command line}

Logging:
Log output configuration:
 #0: stdout all=off uptime,level,tags
 #1: stderr all=off uptime,level,tags

Environment Variables:
JAVA_HOME=C:\Program Files\Java\jdk-21
PATH=C:\Program Files\Common Files\Oracle\Java\javapath;C:\Program Files (x86)\Common Files\Oracle\Java\java8path;C:\Program Files (x86)\Common Files\Oracle\Java\javapath;C:\app\Oracle\product\11.2.0\client_1\bin;C:\orant\bin;C:\app\ajesramirez\product\12.1.0\client_1;C:\Windows\system32;C:\Windows;C:\Windows\System32\Wbem;C:\Windows\System32\WindowsPowerShell\v1.0\;C:\Windows\System32\OpenSSH\;C:\orant\jdk\bin;C:\Users\dperez.EBSA0\AppData\Local\Programs\Python\Python312;C:\Users\dperez.EBSA0\AppData\Local\Programs\Python\Python312\Scripts;C:\Program Files\nodejs\;C:\Program Files\Microsoft SQL Server\Client SDK\ODBC\170\Tools\Binn\;C:\Program Files\dotnet\;C:\Gradle\gradle-7.4.1\bin;C:\Program Files\Java\jdk-17\bin;C:\Program Files (x86)\Microsoft SQL Server\160\Tools\Binn\;C:\Program Files\Microsoft SQL Server\160\Tools\Binn\;C:\Program Files\Microsoft SQL Server\160\DTS\Binn\;C:\Program Files (x86)\Microsoft SQL Server\160\DTS\Binn\;C:\Program Files\OpenSSL-Win64\bin;C:\Users\dperez.EBSA0\Downloads\apache-maven-3.9.9\apache-maven\src\bin;C:\Program Files\nodejs;C:\Program Files\Java\jdk-21\bin;C:\Users\dperez.EBSA0\AppData\Local\Microsoft\WindowsApps;C:\Users\dperez.EBSA0\AppData\Local\Programs\Microsoft VS Code\bin;C:\Users\dperez.EBSA0\AppData\Local\Programs\Git\cmd;C:\Users\dperez.EBSA0\AppData\Roaming\npm;C:\Users\dperez.EBSA0\.dotnet\tools
USERNAME=dperez
OS=Windows_NT
PROCESSOR_IDENTIFIER=Intel64 Family 6 Model 142 Stepping 12, GenuineIntel
TMP=C:\Users\DPEREZ~1.EBS\AppData\Local\Temp
TEMP=C:\Users\DPEREZ~1.EBS\AppData\Local\Temp



Periodic native trim disabled


---------------  S Y S T E M  ---------------

OS:
 Windows 10 , 64 bit Build 19041 (10.0.19041.4957)
OS uptime: 1 days 11:41 hours

CPU: total 8 (initial active 8) (4 cores per cpu, 2 threads per core) family 6 model 142 stepping 12 microcode 0xf8, cx8, cmov, fxsr, ht, mmx, 3dnowpref, sse, sse2, sse3, ssse3, sse4.1, sse4.2, popcnt, lzcnt, tsc, tscinvbit, avx, avx2, aes, erms, clmul, bmi1, bmi2, adx, fma, vzeroupper, clflush, clflushopt
Processor Information for all 8 processors :
  Max Mhz: 2304, Current Mhz: 1803, Mhz Limit: 1797

Memory: 4k page, system-wide physical 16144M (1099M free)
TotalPageFile size 46864M (AvailPageFile size 24857M)
current process WorkingSet (physical memory assigned to process): 441M, peak: 441M
current process commit charge ("private bytes"): 475M, peak: 481M

vm_info: OpenJDK 64-Bit Server VM (17.0.13+11) for windows-amd64 JRE (17.0.13+11), built on Oct 16 2024 00:10:08 by "admin" with MS VC++ 17.7 (VS2022)

END.
